

================================================================
== Vivado HLS Report for 'dut'
================================================================
* Date:           Sat Nov 11 14:56:23 2023

* Version:        2019.2.1 (Build 2724168 on Thu Dec 05 05:19:09 MST 2019)
* Project:        monte-carlo.prj
* Solution:       solution1
* Product family: zynq
* Target device:  xc7z020-clg484-1


================================================================
== Performance Estimates
================================================================
+ Timing: 
    * Summary: 
    +--------+----------+-----------+------------+
    |  Clock |  Target  | Estimated | Uncertainty|
    +--------+----------+-----------+------------+
    |ap_clk  | 10.00 ns | 13.434 ns |   1.25 ns  |
    +--------+----------+-----------+------------+

+ Latency: 
    * Summary: 
    +----------+----------+-----------+-----------+----------+----------+---------+
    |   Latency (cycles)  |   Latency (absolute)  |       Interval      | Pipeline|
    |    min   |    max   |    min    |    max    |    min   |    max   |   Type  |
    +----------+----------+-----------+-----------+----------+----------+---------+
    |  85005987|  85005987| 1.142 sec | 1.142 sec |  85005987|  85005987|   none  |
    +----------+----------+-----------+-----------+----------+----------+---------+

    + Detail: 
        * Instance: 
        +--------------------------------+----------------------+----------+----------+-----------+-----------+----------+----------+---------+
        |                                |                      |   Latency (cycles)  |   Latency (absolute)  |       Interval      | Pipeline|
        |            Instance            |        Module        |    min   |    max   |    min    |    max    |    min   |    max   |   Type  |
        +--------------------------------+----------------------+----------+----------+-----------+-----------+----------+----------+---------+
        |grp_monte_carlo_both_pri_fu_79  |monte_carlo_both_pri  |  85005980|  85005980| 1.142 sec | 1.142 sec |  85005980|  85005980|   none  |
        +--------------------------------+----------------------+----------+----------+-----------+-----------+----------+----------+---------+

        * Loop: 
        N/A



================================================================
== Utilization Estimates
================================================================
* Summary: 
+-----------------+---------+-------+--------+-------+-----+
|       Name      | BRAM_18K| DSP48E|   FF   |  LUT  | URAM|
+-----------------+---------+-------+--------+-------+-----+
|DSP              |        -|      -|       -|      -|    -|
|Expression       |        -|      -|       0|   1008|    -|
|FIFO             |        -|      -|       -|      -|    -|
|Instance         |      128|    177|   16145|  20992|    0|
|Memory           |        -|      -|       -|      -|    -|
|Multiplexer      |        -|      -|       -|     91|    -|
|Register         |        -|      -|     323|      -|    -|
+-----------------+---------+-------+--------+-------+-----+
|Total            |      128|    177|   16468|  22091|    0|
+-----------------+---------+-------+--------+-------+-----+
|Available        |      280|    220|  106400|  53200|    0|
+-----------------+---------+-------+--------+-------+-----+
|Utilization (%)  |       45|     80|      15|     41|    0|
+-----------------+---------+-------+--------+-------+-----+

+ Detail: 
    * Instance: 
    +--------------------------------+----------------------+---------+-------+-------+-------+-----+
    |            Instance            |        Module        | BRAM_18K| DSP48E|   FF  |  LUT  | URAM|
    +--------------------------------+----------------------+---------+-------+-------+-------+-----+
    |grp_monte_carlo_both_pri_fu_79  |monte_carlo_both_pri  |      128|    177|  16145|  20992|    0|
    +--------------------------------+----------------------+---------+-------+-------+-------+-----+
    |Total                           |                      |      128|    177|  16145|  20992|    0|
    +--------------------------------+----------------------+---------+-------+-------+-------+-----+

    * DSP48E: 
    N/A

    * Memory: 
    N/A

    * FIFO: 
    N/A

    * Expression: 
    +--------------------------+----------+-------+---+-----+------------+------------+
    |       Variable Name      | Operation| DSP48E| FF| LUT | Bitwidth P0| Bitwidth P1|
    +--------------------------+----------+-------+---+-----+------------+------------+
    |sh_amt_1_fu_168_p2        |     -    |      0|  0|   15|           1|           9|
    |sh_amt_2_fu_388_p2        |     -    |      0|  0|   15|           8|           9|
    |sh_amt_3_fu_416_p2        |     -    |      0|  0|   15|           1|           9|
    |sh_amt_fu_140_p2          |     -    |      0|  0|   15|           8|           9|
    |sub_ln461_1_fu_576_p2     |     -    |      0|  0|   39|           1|          32|
    |sub_ln461_fu_328_p2       |     -    |      0|  0|   39|           1|          32|
    |and_ln282_1_fu_450_p2     |    and   |      0|  0|    2|           1|           1|
    |and_ln282_fu_202_p2       |    and   |      0|  0|    2|           1|           1|
    |and_ln284_1_fu_476_p2     |    and   |      0|  0|    2|           1|           1|
    |and_ln284_fu_228_p2       |    and   |      0|  0|    2|           1|           1|
    |and_ln285_1_fu_315_p2     |    and   |      0|  0|    2|           1|           1|
    |and_ln285_2_fu_482_p2     |    and   |      0|  0|    2|           1|           1|
    |and_ln285_3_fu_563_p2     |    and   |      0|  0|    2|           1|           1|
    |and_ln285_fu_234_p2       |    and   |      0|  0|    2|           1|           1|
    |and_ln295_1_fu_508_p2     |    and   |      0|  0|    2|           1|           1|
    |and_ln295_fu_260_p2       |    and   |      0|  0|    2|           1|           1|
    |icmp_ln278_1_fu_382_p2    |   icmp   |      0|  0|   18|          31|           1|
    |icmp_ln278_fu_134_p2      |   icmp   |      0|  0|   18|          31|           1|
    |icmp_ln282_1_fu_398_p2    |   icmp   |      0|  0|   11|           8|           8|
    |icmp_ln282_fu_150_p2      |   icmp   |      0|  0|   11|           8|           8|
    |icmp_ln284_1_fu_404_p2    |   icmp   |      0|  0|   13|           9|           1|
    |icmp_ln284_fu_156_p2      |   icmp   |      0|  0|   13|           9|           1|
    |icmp_ln285_1_fu_410_p2    |   icmp   |      0|  0|   13|           9|           5|
    |icmp_ln285_fu_162_p2      |   icmp   |      0|  0|   13|           9|           5|
    |icmp_ln295_1_fu_432_p2    |   icmp   |      0|  0|    9|           4|           1|
    |icmp_ln295_fu_184_p2      |   icmp   |      0|  0|    9|           4|           1|
    |lshr_ln286_1_fu_438_p2    |   lshr   |      0|  0|   69|          24|          24|
    |lshr_ln286_fu_190_p2      |   lshr   |      0|  0|   69|          24|          24|
    |ap_block_state1           |    or    |      0|  0|    2|           1|           1|
    |or_ln282_1_fu_464_p2      |    or    |      0|  0|    2|           1|           1|
    |or_ln282_fu_216_p2        |    or    |      0|  0|    2|           1|           1|
    |or_ln284_1_fu_496_p2      |    or    |      0|  0|    2|           1|           1|
    |or_ln284_fu_248_p2        |    or    |      0|  0|    2|           1|           1|
    |select_ln278_1_fu_551_p3  |  select  |      0|  0|   32|           1|           1|
    |select_ln278_fu_303_p3    |  select  |      0|  0|   32|           1|           1|
    |select_ln282_1_fu_456_p3  |  select  |      0|  0|   24|           1|          24|
    |select_ln282_fu_208_p3    |  select  |      0|  0|   24|           1|          24|
    |select_ln285_1_fu_320_p3  |  select  |      0|  0|   32|           1|          32|
    |select_ln285_2_fu_488_p3  |  select  |      0|  0|   24|           1|          24|
    |select_ln285_3_fu_568_p3  |  select  |      0|  0|   32|           1|          32|
    |select_ln285_fu_240_p3    |  select  |      0|  0|   24|           1|          24|
    |select_ln288_1_fu_527_p3  |  select  |      0|  0|    2|           1|           2|
    |select_ln288_fu_279_p3    |  select  |      0|  0|    2|           1|           2|
    |select_ln295_1_fu_544_p3  |  select  |      0|  0|   32|           1|          32|
    |select_ln295_fu_296_p3    |  select  |      0|  0|   32|           1|          32|
    |tmp_V_4_fu_582_p3         |  select  |      0|  0|   32|           1|          32|
    |tmp_V_fu_334_p3           |  select  |      0|  0|   32|           1|          32|
    |shl_ln297_1_fu_535_p2     |    shl   |      0|  0|  101|          32|          32|
    |shl_ln297_fu_287_p2       |    shl   |      0|  0|  101|          32|          32|
    |xor_ln278_1_fu_444_p2     |    xor   |      0|  0|    2|           1|           2|
    |xor_ln278_fu_196_p2       |    xor   |      0|  0|    2|           1|           2|
    |xor_ln282_1_fu_470_p2     |    xor   |      0|  0|    2|           1|           2|
    |xor_ln282_fu_222_p2       |    xor   |      0|  0|    2|           1|           2|
    |xor_ln284_1_fu_502_p2     |    xor   |      0|  0|    2|           1|           2|
    |xor_ln284_fu_254_p2       |    xor   |      0|  0|    2|           1|           2|
    |xor_ln285_1_fu_558_p2     |    xor   |      0|  0|    2|           1|           2|
    |xor_ln285_fu_310_p2       |    xor   |      0|  0|    2|           1|           2|
    +--------------------------+----------+-------+---+-----+------------+------------+
    |Total                     |          |      0|  0| 1008|         291|         569|
    +--------------------------+----------+-------+---+-----+------------+------------+

    * Multiplexer: 
    +--------------------+----+-----------+-----+-----------+
    |        Name        | LUT| Input Size| Bits| Total Bits|
    +--------------------+----+-----------+-----+-----------+
    |ap_NS_fsm           |  44|          9|    1|          9|
    |strm_out_V_V_blk_n  |   9|          2|    1|          2|
    |strm_out_V_V_din    |  38|          7|   32|        224|
    +--------------------+----+-----------+-----+-----------+
    |Total               |  91|         18|   34|        235|
    +--------------------+----+-----------+-----+-----------+

    * Register: 
    +---------------------------------------------+----+----+-----+-----------+
    |                     Name                    | FF | LUT| Bits| Const Bits|
    +---------------------------------------------+----+----+-----+-----------+
    |and_ln284_1_reg_679                          |   1|   0|    1|          0|
    |and_ln284_reg_629                            |   1|   0|    1|          0|
    |and_ln295_1_reg_689                          |   1|   0|    1|          0|
    |and_ln295_reg_639                            |   1|   0|    1|          0|
    |ap_CS_fsm                                    |   8|   0|    8|          0|
    |grp_monte_carlo_both_pri_fu_79_ap_start_reg  |   1|   0|    1|          0|
    |icmp_ln278_1_reg_664                         |   1|   0|    1|          0|
    |icmp_ln278_reg_614                           |   1|   0|    1|          0|
    |icmp_ln285_1_reg_669                         |   1|   0|    1|          0|
    |icmp_ln285_reg_619                           |   1|   0|    1|          0|
    |p_Result_6_reg_654                           |   1|   0|    1|          0|
    |p_Result_s_reg_604                           |   1|   0|    1|          0|
    |reg_V_1_reg_649                              |  32|   0|   32|          0|
    |reg_V_reg_599                                |  32|   0|   32|          0|
    |result_call_reg_589                          |  32|   0|   32|          0|
    |result_put_reg_594                           |  32|   0|   32|          0|
    |select_ln285_2_reg_684                       |  24|   0|   24|          0|
    |select_ln285_reg_634                         |  24|   0|   24|          0|
    |sh_amt_1_reg_624                             |   9|   0|    9|          0|
    |sh_amt_3_reg_674                             |   9|   0|    9|          0|
    |tmp_4_reg_659                                |  23|   0|   24|          1|
    |tmp_V_4_reg_694                              |  32|   0|   32|          0|
    |tmp_V_reg_644                                |  32|   0|   32|          0|
    |tmp_reg_609                                  |  23|   0|   24|          1|
    +---------------------------------------------+----+----+-----+-----------+
    |Total                                        | 323|   0|  325|          2|
    +---------------------------------------------+----+----+-----+-----------+



================================================================
== Interface
================================================================
* Summary: 
+---------------------+-----+-----+------------+--------------+--------------+
|      RTL Ports      | Dir | Bits|  Protocol  | Source Object|    C Type    |
+---------------------+-----+-----+------------+--------------+--------------+
|ap_clk               |  in |    1| ap_ctrl_hs |      dut     | return value |
|ap_rst               |  in |    1| ap_ctrl_hs |      dut     | return value |
|ap_start             |  in |    1| ap_ctrl_hs |      dut     | return value |
|ap_done              | out |    1| ap_ctrl_hs |      dut     | return value |
|ap_idle              | out |    1| ap_ctrl_hs |      dut     | return value |
|ap_ready             | out |    1| ap_ctrl_hs |      dut     | return value |
|strm_out_V_V_din     | out |   32|   ap_fifo  | strm_out_V_V |    pointer   |
|strm_out_V_V_full_n  |  in |    1|   ap_fifo  | strm_out_V_V |    pointer   |
|strm_out_V_V_write   | out |    1|   ap_fifo  | strm_out_V_V |    pointer   |
+---------------------+-----+-----+------------+--------------+--------------+

