

================================================================
== Vivado HLS Report for 'gaussian_box_muller'
================================================================
* Date:           Sat Nov 11 13:02:37 2023

* Version:        2019.2.1 (Build 2724168 on Thu Dec 05 05:19:09 MST 2019)
* Project:        monte-carlo.prj
* Solution:       solution1
* Product family: zynq
* Target device:  xc7z020-clg484-1


================================================================
== Performance Estimates
================================================================
+ Timing: 
    * Summary: 
    +--------+----------+----------+------------+
    |  Clock |  Target  | Estimated| Uncertainty|
    +--------+----------+----------+------------+
    |ap_clk  | 10.00 ns | 9.792 ns |   1.25 ns  |
    +--------+----------+----------+------------+

+ Latency: 
    * Summary: 
    +---------+---------+----------+----------+-----+-----+---------+
    |  Latency (cycles) |  Latency (absolute) |  Interval | Pipeline|
    |   min   |   max   |    min   |    max   | min | max |   Type  |
    +---------+---------+----------+----------+-----+-----+---------+
    |        ?|        ?|         ?|         ?|    ?|    ?|   none  |
    +---------+---------+----------+----------+-----+-----+---------+

    + Detail: 
        * Instance: 
        N/A

        * Loop: 
        +---------------+---------+---------+----------+-----------+-----------+------+----------+
        |               |  Latency (cycles) | Iteration|  Initiation Interval  | Trip |          |
        |   Loop Name   |   min   |   max   |  Latency |  achieved |   target  | Count| Pipelined|
        +---------------+---------+---------+----------+-----------+-----------+------+----------+
        |- GAUSS_LABEL  |      650|      650|        65|          -|          -|    10|    no    |
        |- LOG_LABEL    |      360|      360|        36|          -|          -|    10|    no    |
        |- SQRT_LABEL   |        ?|        ?|        50|          -|          -|     ?|    no    |
        +---------------+---------+---------+----------+-----------+-----------+------+----------+



================================================================
== Utilization Estimates
================================================================
* Summary: 
+-----------------+---------+-------+--------+-------+-----+
|       Name      | BRAM_18K| DSP48E|   FF   |  LUT  | URAM|
+-----------------+---------+-------+--------+-------+-----+
|DSP              |        -|      -|       -|      -|    -|
|Expression       |        -|      6|       0|    521|    -|
|FIFO             |        -|      -|       -|      -|    -|
|Instance         |        -|     28|    8900|  12529|    -|
|Memory           |        -|      -|       -|      -|    -|
|Multiplexer      |        -|      -|       -|   1769|    -|
|Register         |        -|      -|    1869|      -|    -|
+-----------------+---------+-------+--------+-------+-----+
|Total            |        0|     34|   10769|  14819|    0|
+-----------------+---------+-------+--------+-------+-----+
|Available        |      280|    220|  106400|  53200|    0|
+-----------------+---------+-------+--------+-------+-----+
|Utilization (%)  |        0|     15|      10|     27|    0|
+-----------------+---------+-------+--------+-------+-----+

+ Detail: 
    * Instance: 
    +-------------------------+----------------------+---------+-------+------+------+-----+
    |         Instance        |        Module        | BRAM_18K| DSP48E|  FF  |  LUT | URAM|
    +-------------------------+----------------------+---------+-------+------+------+-----+
    |dut_dadd_64ns_64ncud_U2  |dut_dadd_64ns_64ncud  |        0|      3|   445|  1149|    0|
    |dut_dadddsub_64nsbkb_U1  |dut_dadddsub_64nsbkb  |        0|      3|   445|  1149|    0|
    |dut_dcmp_64ns_64nfYi_U7  |dut_dcmp_64ns_64nfYi  |        0|      0|   130|   469|    0|
    |dut_ddiv_64ns_64neOg_U5  |dut_ddiv_64ns_64neOg  |        0|      0|  3211|  3658|    0|
    |dut_ddiv_64ns_64neOg_U6  |dut_ddiv_64ns_64neOg  |        0|      0|  3211|  3658|    0|
    |dut_dmul_64ns_64ndEe_U3  |dut_dmul_64ns_64ndEe  |        0|     11|   317|   578|    0|
    |dut_dmul_64ns_64ndEe_U4  |dut_dmul_64ns_64ndEe  |        0|     11|   317|   578|    0|
    |dut_sitodp_32ns_6hbi_U9  |dut_sitodp_32ns_6hbi  |        0|      0|   412|   645|    0|
    |dut_sitodp_32s_64g8j_U8  |dut_sitodp_32s_64g8j  |        0|      0|   412|   645|    0|
    +-------------------------+----------------------+---------+-------+------+------+-----+
    |Total                    |                      |        0|     28|  8900| 12529|    0|
    +-------------------------+----------------------+---------+-------+------+------+-----+

    * DSP48E: 
    N/A

    * Memory: 
    N/A

    * FIFO: 
    N/A

    * Expression: 
    +------------------------+----------+-------+---+----+------------+------------+
    |      Variable Name     | Operation| DSP48E| FF| LUT| Bitwidth P0| Bitwidth P1|
    +------------------------+----------+-------+---+----+------------+------------+
    |mul_ln39_1_fu_342_p2    |     *    |      3|  0|  20|          31|          32|
    |mul_ln39_fu_331_p2      |     *    |      3|  0|  20|          31|          32|
    |add_ln39_1_fu_347_p2    |     +    |      0|  0|  39|          14|          32|
    |add_ln39_fu_337_p2      |     +    |      0|  0|  39|          14|          32|
    |i_1_fu_454_p2           |     +    |      0|  0|  13|           4|           1|
    |i_fu_321_p2             |     +    |      0|  0|  13|           4|           1|
    |and_ln156_fu_392_p2     |    and   |      0|  0|   2|           1|           1|
    |and_ln54_fu_538_p2      |    and   |      0|  0|   2|           1|           1|
    |and_ln58_fu_496_p2      |    and   |      0|  0|   2|           1|           1|
    |and_ln83_fu_588_p2      |    and   |      0|  0|   2|           1|           1|
    |and_ln94_fu_442_p2      |    and   |      0|  0|   2|           1|           1|
    |icmp_ln108_fu_448_p2    |   icmp   |      0|  0|   9|           4|           4|
    |icmp_ln152_fu_315_p2    |   icmp   |      0|  0|   9|           4|           4|
    |icmp_ln156_1_fu_382_p2  |   icmp   |      0|  0|  29|          52|           1|
    |icmp_ln156_fu_376_p2    |   icmp   |      0|  0|  13|          11|           2|
    |icmp_ln54_2_fu_526_p2   |   icmp   |      0|  0|  29|          52|           1|
    |icmp_ln54_fu_520_p2     |   icmp   |      0|  0|  13|          11|           2|
    |icmp_ln58_1_fu_484_p2   |   icmp   |      0|  0|  29|          52|           1|
    |icmp_ln58_fu_478_p2     |   icmp   |      0|  0|  13|          11|           2|
    |icmp_ln83_2_fu_578_p2   |   icmp   |      0|  0|  29|          52|           1|
    |icmp_ln83_fu_572_p2     |   icmp   |      0|  0|  13|          11|           2|
    |icmp_ln94_1_fu_430_p2   |   icmp   |      0|  0|  29|          52|           1|
    |icmp_ln94_fu_424_p2     |   icmp   |      0|  0|  13|          11|           2|
    |or_ln156_fu_388_p2      |    or    |      0|  0|   2|           1|           1|
    |or_ln54_fu_532_p2       |    or    |      0|  0|   2|           1|           1|
    |or_ln58_fu_490_p2       |    or    |      0|  0|   2|           1|           1|
    |or_ln83_fu_584_p2       |    or    |      0|  0|   2|           1|           1|
    |or_ln94_fu_436_p2       |    or    |      0|  0|   2|           1|           1|
    |x_1_fu_398_p3           |  select  |      0|  0|  64|           1|          64|
    |xor_ln54_fu_544_p2      |    xor   |      0|  0|  65|          64|          65|
    +------------------------+----------+-------+---+----+------------+------------+
    |Total                   |          |      6|  0| 521|         496|         292|
    +------------------------+----------+-------+---+----+------------+------------+

    * Multiplexer: 
    +--------------------------+------+-----------+-----+-----------+
    |           Name           |  LUT | Input Size| Bits| Total Bits|
    +--------------------------+------+-----------+-----+-----------+
    |ap_NS_fsm                 |  1273|        282|    1|        282|
    |ap_return                 |     9|          2|   64|        128|
    |denominator_0_i_reg_113   |     9|          2|   64|        128|
    |grp_fu_190_opcode         |    15|          3|    2|          6|
    |grp_fu_190_p0             |    41|          8|   64|        512|
    |grp_fu_190_p1             |    38|          7|   64|        448|
    |grp_fu_195_p0             |    15|          3|   64|        192|
    |grp_fu_195_p1             |    15|          3|   64|        192|
    |grp_fu_207_p0             |    44|          9|   64|        576|
    |grp_fu_207_p1             |    41|          8|   64|        512|
    |grp_fu_212_p0             |    15|          3|   64|        192|
    |grp_fu_212_p1             |    15|          3|   64|        192|
    |grp_fu_224_p0             |    33|          6|   64|        384|
    |grp_fu_224_p1             |    38|          7|   64|        448|
    |grp_fu_238_opcode         |    21|          4|    5|         20|
    |grp_fu_238_p0             |    27|          5|   64|        320|
    |grp_fu_238_p1             |    21|          4|   64|        256|
    |guess_0_i_reg_158         |     9|          2|   64|        128|
    |i_0_i_reg_125             |     9|          2|    4|          8|
    |i_0_reg_56                |     9|          2|    4|          8|
    |nextGuess_0_in_i_reg_148  |     9|          2|   64|        128|
    |numerator_0_i_reg_91      |     9|          2|   64|        128|
    |p_0_i12_reg_178           |     9|          2|   64|        128|
    |phi_ln171_reg_136         |     9|          2|   64|        128|
    |phi_ln54_reg_168          |     9|          2|   64|        128|
    |result_0_i_reg_101        |     9|          2|   64|        128|
    |x_0_reg_79                |     9|          2|   64|        128|
    |x_assign_reg_67           |     9|          2|   64|        128|
    +--------------------------+------+-----------+-----+-----------+
    |Total                     |  1769|        381| 1488|       5956|
    +--------------------------+------+-----------+-----+-----------+

    * Register: 
    +--------------------------+-----+----+-----+-----------+
    |           Name           |  FF | LUT| Bits| Const Bits|
    +--------------------------+-----+----+-----+-----------+
    |add_ln39_1_reg_618        |   32|   0|   32|          0|
    |add_ln39_reg_607          |   32|   0|   32|          0|
    |ap_CS_fsm                 |  281|   0|  281|          0|
    |ap_return_preg            |   64|   0|   64|          0|
    |casted_seed_1_reg_628     |   64|   0|   64|          0|
    |casted_seed_reg_623       |   64|   0|   64|          0|
    |denominator_0_i_reg_113   |   64|   0|   64|          0|
    |guess_0_i_reg_158         |   64|   0|   64|          0|
    |i_0_i_reg_125             |    4|   0|    4|          0|
    |i_0_reg_56                |    4|   0|    4|          0|
    |i_1_reg_659               |    4|   0|    4|          0|
    |i_reg_597                 |    4|   0|    4|          0|
    |icmp_ln156_1_reg_643      |    1|   0|    1|          0|
    |icmp_ln156_reg_638        |    1|   0|    1|          0|
    |icmp_ln83_2_reg_685       |    1|   0|    1|          0|
    |icmp_ln83_reg_680         |    1|   0|    1|          0|
    |mul_ln39_1_reg_613        |   32|   0|   32|          0|
    |mul_ln39_reg_602          |   32|   0|   32|          0|
    |nextGuess_0_in_i_reg_148  |   64|   0|   64|          0|
    |numerator_0_i_reg_91      |   64|   0|   64|          0|
    |numerator_1_reg_664       |   64|   0|   64|          0|
    |p_0_i12_reg_178           |   64|   0|   64|          0|
    |phi_ln171_reg_136         |   64|   0|   64|          0|
    |phi_ln54_reg_168          |   64|   0|   64|          0|
    |reg_253                   |   64|   0|   64|          0|
    |reg_266                   |   64|   0|   64|          0|
    |reg_272                   |   64|   0|   64|          0|
    |reg_285                   |   64|   0|   64|          0|
    |reg_294                   |   64|   0|   64|          0|
    |reg_301                   |   64|   0|   64|          0|
    |reg_309                   |   64|   0|   64|          0|
    |result_0_i_reg_101        |   64|   0|   64|          0|
    |seed                      |   32|   0|   32|          0|
    |tmp_i6_reg_633            |   64|   0|   64|          0|
    |x_0_reg_79                |   64|   0|   64|          0|
    |x_assign_reg_67           |   64|   0|   64|          0|
    +--------------------------+-----+----+-----+-----------+
    |Total                     | 1869|   0| 1869|          0|
    +--------------------------+-----+----+-----+-----------+



================================================================
== Interface
================================================================
* Summary: 
+-----------+-----+-----+------------+---------------------+--------------+
| RTL Ports | Dir | Bits|  Protocol  |    Source Object    |    C Type    |
+-----------+-----+-----+------------+---------------------+--------------+
|ap_clk     |  in |    1| ap_ctrl_hs | gaussian_box_muller | return value |
|ap_rst     |  in |    1| ap_ctrl_hs | gaussian_box_muller | return value |
|ap_start   |  in |    1| ap_ctrl_hs | gaussian_box_muller | return value |
|ap_done    | out |    1| ap_ctrl_hs | gaussian_box_muller | return value |
|ap_idle    | out |    1| ap_ctrl_hs | gaussian_box_muller | return value |
|ap_ready   | out |    1| ap_ctrl_hs | gaussian_box_muller | return value |
|ap_return  | out |   64| ap_ctrl_hs | gaussian_box_muller | return value |
+-----------+-----+-----+------------+---------------------+--------------+

