

================================================================
== Vivado HLS Report for 'monte_carlo_both_pri'
================================================================
* Date:           Sat Nov 11 13:02:39 2023

* Version:        2019.2.1 (Build 2724168 on Thu Dec 05 05:19:09 MST 2019)
* Project:        monte-carlo.prj
* Solution:       solution1
* Product family: zynq
* Target device:  xc7z020-clg484-1


================================================================
== Performance Estimates
================================================================
+ Timing: 
    * Summary: 
    +--------+----------+----------+------------+
    |  Clock |  Target  | Estimated| Uncertainty|
    +--------+----------+----------+------------+
    |ap_clk  | 10.00 ns | 9.792 ns |   1.25 ns  |
    +--------+----------+----------+------------+

+ Latency: 
    * Summary: 
    +---------+---------+----------+----------+-----+-----+---------+
    |  Latency (cycles) |  Latency (absolute) |  Interval | Pipeline|
    |   min   |   max   |    min   |    max   | min | max |   Type  |
    +---------+---------+----------+----------+-----+-----+---------+
    |        ?|        ?|         ?|         ?|    ?|    ?|   none  |
    +---------+---------+----------+----------+-----+-----+---------+

    + Detail: 
        * Instance: 
        +--------------------------------+---------------------+---------+---------+----------+----------+-----+-----+---------+
        |                                |                     |  Latency (cycles) |  Latency (absolute) |  Interval | Pipeline|
        |            Instance            |        Module       |   min   |   max   |    min   |    max   | min | max |   Type  |
        +--------------------------------+---------------------+---------+---------+----------+----------+-----+-----+---------+
        |grp_gaussian_box_muller_fu_126  |gaussian_box_muller  |        ?|        ?|         ?|         ?|    ?|    ?|   none  |
        |grp_custom_exp_double_s_fu_132  |custom_exp_double_s  |      481|      481| 4.810 us | 4.810 us |  481|  481|   none  |
        +--------------------------------+---------------------+---------+---------+----------+----------+-----+-----+---------+

        * Loop: 
        +---------------+---------+---------+----------+-----------+-----------+----------+----------+
        |               |  Latency (cycles) | Iteration|  Initiation Interval  |   Trip   |          |
        |   Loop Name   |   min   |   max   |  Latency |  achieved |   target  |   Count  | Pipelined|
        +---------------+---------+---------+----------+-----------+-----------+----------+----------+
        |- SIMS_LABEL   |        ?|        ?|         ?|          -|          -|  10000000|    no    |
        | + SQRT_LABEL  |        ?|        ?|        50|          -|          -|         ?|    no    |
        +---------------+---------+---------+----------+-----------+-----------+----------+----------+



================================================================
== Utilization Estimates
================================================================
* Summary: 
+-----------------+---------+-------+--------+-------+-----+
|       Name      | BRAM_18K| DSP48E|   FF   |  LUT  | URAM|
+-----------------+---------+-------+--------+-------+-----+
|DSP              |        -|      -|       -|      -|    -|
|Expression       |        -|      -|       0|    426|    -|
|FIFO             |        -|      -|       -|      -|    -|
|Instance         |        -|     76|   23801|  32832|    -|
|Memory           |        -|      -|       -|      -|    -|
|Multiplexer      |        -|      -|       -|    821|    -|
|Register         |        -|      -|    1124|      -|    -|
+-----------------+---------+-------+--------+-------+-----+
|Total            |        0|     76|   24925|  34079|    0|
+-----------------+---------+-------+--------+-------+-----+
|Available        |      280|    220|  106400|  53200|    0|
+-----------------+---------+-------+--------+-------+-----+
|Utilization (%)  |        0|     34|      23|     64|    0|
+-----------------+---------+-------+--------+-------+-----+

+ Detail: 
    * Instance: 
    +--------------------------------+----------------------+---------+-------+-------+-------+-----+
    |            Instance            |        Module        | BRAM_18K| DSP48E|   FF  |  LUT  | URAM|
    +--------------------------------+----------------------+---------+-------+-------+-------+-----+
    |grp_custom_exp_double_s_fu_132  |custom_exp_double_s   |        0|     14|   4826|   6305|    0|
    |dut_dadddsub_64nsbkb_U22        |dut_dadddsub_64nsbkb  |        0|      3|    445|   1149|    0|
    |dut_dadddsub_64nsbkb_U23        |dut_dadddsub_64nsbkb  |        0|      3|    445|   1149|    0|
    |dut_dcmp_64ns_64nfYi_U28        |dut_dcmp_64ns_64nfYi  |        0|      0|    130|    469|    0|
    |dut_dcmp_64ns_64nfYi_U29        |dut_dcmp_64ns_64nfYi  |        0|      0|    130|    469|    0|
    |dut_ddiv_64ns_64neOg_U26        |dut_ddiv_64ns_64neOg  |        0|      0|   3211|   3658|    0|
    |dut_ddiv_64ns_64neOg_U27        |dut_ddiv_64ns_64neOg  |        0|      0|   3211|   3658|    0|
    |dut_dmul_64ns_64ndEe_U24        |dut_dmul_64ns_64ndEe  |        0|     11|    317|    578|    0|
    |dut_dmul_64ns_64ndEe_U25        |dut_dmul_64ns_64ndEe  |        0|     11|    317|    578|    0|
    |grp_gaussian_box_muller_fu_126  |gaussian_box_muller   |        0|     34|  10769|  14819|    0|
    +--------------------------------+----------------------+---------+-------+-------+-------+-----+
    |Total                           |                      |        0|     76|  23801|  32832|    0|
    +--------------------------------+----------------------+---------+-------+-------+-------+-----+

    * DSP48E: 
    N/A

    * Memory: 
    N/A

    * FIFO: 
    N/A

    * Expression: 
    +-------------------------+----------+-------+---+----+------------+------------+
    |      Variable Name      | Operation| DSP48E| FF| LUT| Bitwidth P0| Bitwidth P1|
    +-------------------------+----------+-------+---+----+------------+------------+
    |i_fu_219_p2              |     +    |      0|  0|  31|          24|           1|
    |and_ln50_1_fu_402_p2     |    and   |      0|  0|   2|           1|           1|
    |and_ln50_fu_353_p2       |    and   |      0|  0|   2|           1|           1|
    |and_ln54_fu_261_p2       |    and   |      0|  0|   2|           1|           1|
    |and_ln83_fu_311_p2       |    and   |      0|  0|   2|           1|           1|
    |icmp_ln184_fu_213_p2     |   icmp   |      0|  0|  18|          24|          24|
    |icmp_ln50_1_fu_341_p2    |   icmp   |      0|  0|  29|          52|           1|
    |icmp_ln50_2_fu_384_p2    |   icmp   |      0|  0|  13|          11|           2|
    |icmp_ln50_3_fu_390_p2    |   icmp   |      0|  0|  29|          52|           1|
    |icmp_ln50_fu_335_p2      |   icmp   |      0|  0|  13|          11|           2|
    |icmp_ln54_1_fu_249_p2    |   icmp   |      0|  0|  29|          52|           1|
    |icmp_ln54_fu_243_p2      |   icmp   |      0|  0|  13|          11|           2|
    |icmp_ln83_1_fu_301_p2    |   icmp   |      0|  0|  29|          52|           1|
    |icmp_ln83_fu_295_p2      |   icmp   |      0|  0|  13|          11|           2|
    |or_ln50_1_fu_396_p2      |    or    |      0|  0|   2|           1|           1|
    |or_ln50_fu_347_p2        |    or    |      0|  0|   2|           1|           1|
    |or_ln54_fu_255_p2        |    or    |      0|  0|   2|           1|           1|
    |or_ln83_fu_307_p2        |    or    |      0|  0|   2|           1|           1|
    |select_ln50_1_fu_408_p3  |  select  |      0|  0|  64|           1|          64|
    |select_ln50_fu_359_p3    |  select  |      0|  0|  64|           1|          64|
    |xor_ln54_fu_267_p2       |    xor   |      0|  0|  65|          64|          65|
    +-------------------------+----------+-------+---+----+------------+------------+
    |Total                    |          |      0|  0| 426|         374|         238|
    +-------------------------+----------+-------+---+----+------------+------------+

    * Multiplexer: 
    +--------------------------+-----+-----------+-----+-----------+
    |           Name           | LUT | Input Size| Bits| Total Bits|
    +--------------------------+-----+-----------+-----+-----------+
    |ap_NS_fsm                 |  500|        113|    1|        113|
    |ap_return_0               |    9|          2|   64|        128|
    |ap_return_1               |    9|          2|   64|        128|
    |call_payoff_sum_0_reg_56  |    9|          2|   64|        128|
    |grp_fu_137_opcode         |   15|          3|    2|          6|
    |grp_fu_137_p0             |   27|          5|   64|        320|
    |grp_fu_137_p1             |   27|          5|   64|        320|
    |grp_fu_145_opcode         |   15|          3|    2|          6|
    |grp_fu_145_p0             |   15|          3|   64|        192|
    |grp_fu_145_p1             |   15|          3|   64|        192|
    |grp_fu_152_p0             |   27|          5|   64|        320|
    |grp_fu_152_p1             |   27|          5|   64|        320|
    |grp_fu_167_p0             |   15|          3|   64|        192|
    |grp_fu_167_p1             |   15|          3|   64|        192|
    |grp_fu_181_opcode         |   21|          4|    5|         20|
    |grp_fu_181_p0             |   15|          3|   64|        192|
    |grp_fu_181_p1             |   15|          3|   64|        192|
    |guess_0_i_reg_91          |    9|          2|   64|        128|
    |i_0_reg_80                |    9|          2|   24|         48|
    |nextGuess_reg_103         |    9|          2|   64|        128|
    |phi_ln54_reg_116          |    9|          2|   64|        128|
    |put_payoff_sum_0_reg_68   |    9|          2|   64|        128|
    +--------------------------+-----+-----------+-----+-----------+
    |Total                     |  821|        177| 1122|       3521|
    +--------------------------+-----+-----------+-----+-----------+

    * Register: 
    +---------------------------------------------+-----+----+-----+-----------+
    |                     Name                    |  FF | LUT| Bits| Const Bits|
    +---------------------------------------------+-----+----+-----+-----------+
    |a_assign_1_reg_471                           |   64|   0|   64|          0|
    |ap_CS_fsm                                    |  112|   0|  112|          0|
    |ap_return_0_preg                             |   64|   0|   64|          0|
    |ap_return_1_preg                             |   64|   0|   64|          0|
    |call_payoff_sum_0_reg_56                     |   64|   0|   64|          0|
    |gauss_bm_reg_435                             |   64|   0|   64|          0|
    |grp_custom_exp_double_s_fu_132_ap_start_reg  |    1|   0|    1|          0|
    |grp_gaussian_box_muller_fu_126_ap_start_reg  |    1|   0|    1|          0|
    |guess_0_i_reg_91                             |   64|   0|   64|          0|
    |i_0_reg_80                                   |   24|   0|   24|          0|
    |i_reg_430                                    |   24|   0|   24|          0|
    |icmp_ln83_1_reg_453                          |    1|   0|    1|          0|
    |icmp_ln83_reg_448                            |    1|   0|    1|          0|
    |nextGuess_reg_103                            |   64|   0|   64|          0|
    |phi_ln54_reg_116                             |   64|   0|   64|          0|
    |put_payoff_sum_0_reg_68                      |   64|   0|   64|          0|
    |reg_193                                      |   64|   0|   64|          0|
    |reg_200                                      |   64|   0|   64|          0|
    |reg_206                                      |   64|   0|   64|          0|
    |select_ln50_1_reg_483                        |   64|   0|   64|          0|
    |select_ln50_reg_478                          |   64|   0|   64|          0|
    |tmp_1_reg_498                                |   64|   0|   64|          0|
    +---------------------------------------------+-----+----+-----+-----------+
    |Total                                        | 1124|   0| 1124|          0|
    +---------------------------------------------+-----+----+-----+-----------+



================================================================
== Interface
================================================================
* Summary: 
+-------------+-----+-----+------------+----------------------+--------------+
|  RTL Ports  | Dir | Bits|  Protocol  |     Source Object    |    C Type    |
+-------------+-----+-----+------------+----------------------+--------------+
|ap_clk       |  in |    1| ap_ctrl_hs | monte_carlo_both_pri | return value |
|ap_rst       |  in |    1| ap_ctrl_hs | monte_carlo_both_pri | return value |
|ap_start     |  in |    1| ap_ctrl_hs | monte_carlo_both_pri | return value |
|ap_done      | out |    1| ap_ctrl_hs | monte_carlo_both_pri | return value |
|ap_idle      | out |    1| ap_ctrl_hs | monte_carlo_both_pri | return value |
|ap_ready     | out |    1| ap_ctrl_hs | monte_carlo_both_pri | return value |
|ap_return_0  | out |   64| ap_ctrl_hs | monte_carlo_both_pri | return value |
|ap_return_1  | out |   64| ap_ctrl_hs | monte_carlo_both_pri | return value |
+-------------+-----+-----+------------+----------------------+--------------+

